<?xml version="1.0" encoding="UTF-8"?>
<!-- Generated by org.testng.reporters.JUnitReportReporter -->
<testsuite hostname="Lenovo15" failures="0" tests="2" name="LogoutTestsPageFactory" time="49.131" errors="0" timestamp="2023-02-25T14:43:17 EET" skipped="0">
  <testcase classname="LogoutTestsPageFactory" name="testLogout" time="25.452"/>
  <system-out/>
  <testcase classname="LogoutTestsPageFactory" name="testLogout" time="23.679"/>
  <system-out/>
</testsuite> <!-- LogoutTestsPageFactory -->
