<?xml version="1.0" encoding="UTF-8"?>
<!-- Generated by org.testng.reporters.JUnitReportReporter -->
<testsuite hostname="Lenovo15" failures="0" tests="4" name="LogoutTestsPageFactory" time="123.822" errors="0" timestamp="2023-03-03T13:43:06 EET" skipped="0">
  <testcase classname="LogoutTestsPageFactory" name="testLogout" time="30.860"/>
  <system-out/>
  <testcase classname="LogoutTestsPageFactory" name="testLogout" time="30.418"/>
  <system-out/>
  <testcase classname="LogoutTestsPageFactory" name="testLogout" time="31.946"/>
  <system-out/>
  <testcase classname="LogoutTestsPageFactory" name="testLogout" time="30.598"/>
  <system-out/>
</testsuite> <!-- LogoutTestsPageFactory -->
