<?xml version="1.0" encoding="UTF-8"?>
<!-- Generated by org.testng.reporters.JUnitReportReporter -->
<testsuite hostname="Lenovo15" failures="0" tests="4" name="LogoutTestsPageObject" time="121.618" errors="0" timestamp="2023-03-03T13:45:40 EET" skipped="0">
  <testcase classname="LogoutTestsPageObject" name="testLogout" time="31.285"/>
  <system-out/>
  <testcase classname="LogoutTestsPageObject" name="testLogout" time="30.976"/>
  <system-out/>
  <testcase classname="LogoutTestsPageObject" name="testLogout" time="30.484"/>
  <system-out/>
  <testcase classname="LogoutTestsPageObject" name="testLogout" time="28.873"/>
  <system-out/>
</testsuite> <!-- LogoutTestsPageObject -->
